<?xml version="1.0" encoding="UTF-8"?>
<!-- Generated by org.testng.reporters.JUnitReportReporter -->
<testsuite hostname="DESKTOP-C89KGQR" failures="0" tests="1" name="FrameworkE2E.PurchaseInsurance" time="66.647" errors="0" timestamp="2021-02-13T07:31:08 IST" skipped="0">
  <testcase classname="FrameworkE2E.PurchaseInsurance" name="Purchase_PrivateIns_Single_PublicServant_YesDeductible" time="66.647"/>
  <system-out/>
</testsuite> <!-- FrameworkE2E.PurchaseInsurance -->
