<?xml version="1.0" encoding="UTF-8"?>
<!-- Generated by org.testng.reporters.JUnitReportReporter -->
<testsuite hostname="DESKTOP-C89KGQR" failures="0" tests="6" name="FrameworkE2E.PurchaseInsurance_PahrOhneKids" time="430.543" errors="0" timestamp="2021-02-13T16:33:14 IST" skipped="0">
  <testcase classname="FrameworkE2E.PurchaseInsurance_PahrOhneKids" name="Purchase_PrivateIns_PahrOhneKids_NotPublicServant_NotPensionar_NotDeductible" time="62.649"/>
  <system-out/>
  <testcase classname="FrameworkE2E.PurchaseInsurance_PahrOhneKids" name="Purchase_PrivateIns_PahrOhneKids_NotPublicServant_YesPensionar_YesDeductible" time="199.783"/>
  <system-out/>
  <testcase classname="FrameworkE2E.PurchaseInsurance_PahrOhneKids" name="Purchase_PrivateIns_PahrOhneKids_NotPublicServant_NotPensionar_YesDeductible" time="54.772"/>
  <system-out/>
  <testcase classname="FrameworkE2E.PurchaseInsurance_PahrOhneKids" name="Purchase_PrivateIns_PahrOhneKids_NotPublicServant_YesPensionar_NoDeductible" time="57.848"/>
  <system-out/>
  <testcase classname="FrameworkE2E.PurchaseInsurance_PahrOhneKids" name="Purchase_PrivateIns_PahrOhneKids_PublicServant_YesDeductible" time="24.385"/>
  <system-out/>
  <testcase classname="FrameworkE2E.PurchaseInsurance_PahrOhneKids" name="Purchase_PrivateIns_PahrOhneKids_PublicServant_NoDeductible" time="31.106"/>
  <system-out/>
</testsuite> <!-- FrameworkE2E.PurchaseInsurance_PahrOhneKids -->
