<?xml version="1.0" encoding="UTF-8"?>
<!-- Generated by org.testng.reporters.JUnitReportReporter -->
<testsuite hostname="DESKTOP-C89KGQR" failures="0" tests="6" name="FrameworkE2E.PurchaseInsurance_Single" time="322.208" errors="0" timestamp="2021-02-13T16:33:14 IST" skipped="0">
  <testcase classname="FrameworkE2E.PurchaseInsurance_Single" name="Purchase_PrivateIns_Single_NotPublicServant_YesPensionar_NoDeductible" time="64.277"/>
  <system-out/>
  <testcase classname="FrameworkE2E.PurchaseInsurance_Single" name="Purchase_PrivateIns_Single_NotPublicServant_YesPensionar_YesDeductible" time="57.645"/>
  <system-out/>
  <testcase classname="FrameworkE2E.PurchaseInsurance_Single" name="Purchase_PrivateIns_Single_NotPublicServant_NotPensionar_YesDeductible" time="59.072"/>
  <system-out/>
  <testcase classname="FrameworkE2E.PurchaseInsurance_Single" name="Purchase_PrivateIns_Single_NotPublicServant_NotPensionar_NotDeductible" time="70.694"/>
  <system-out/>
  <testcase classname="FrameworkE2E.PurchaseInsurance_Single" name="Purchase_PrivateIns_Single_PublicServant_YesDeductible" time="29.858"/>
  <system-out/>
  <testcase classname="FrameworkE2E.PurchaseInsurance_Single" name="Purchase_PrivateIns_Single_PublicServant_NoDeductible" time="40.662"/>
  <system-out/>
</testsuite> <!-- FrameworkE2E.PurchaseInsurance_Single -->
