<?xml version="1.0" encoding="UTF-8"?>
<!-- Generated by org.testng.reporters.JUnitReportReporter -->
<testsuite hostname="DESKTOP-C89KGQR" failures="0" tests="1" name="FrameworkE2E.PurchaseInsurance_Single" time="98.481" errors="0" timestamp="2021-02-15T14:21:48 IST" skipped="0">
  <testcase classname="FrameworkE2E.PurchaseInsurance_Single" name="Purchase_PrivateIns_Single_PublicServant_YesDeductible" time="98.481"/>
  <system-out/>
</testsuite> <!-- FrameworkE2E.PurchaseInsurance_Single -->
