<?xml version="1.0" encoding="UTF-8"?>
<!-- Generated by org.testng.reporters.JUnitReportReporter -->
<testsuite hostname="DESKTOP-C89KGQR" failures="0" tests="1" name="FrameworkE2E.PurchaseInsurance_FamilieMitKindern" time="54.212" errors="0" timestamp="2021-02-15T11:06:58 IST" skipped="0">
  <testcase classname="FrameworkE2E.PurchaseInsurance_FamilieMitKindern" name="Purchase_PrivateIns_FamilieMitKindern_PublicServant_YesDeductible" time="54.212"/>
  <system-out/>
</testsuite> <!-- FrameworkE2E.PurchaseInsurance_FamilieMitKindern -->
