<?xml version="1.0" encoding="UTF-8"?>
<!-- Generated by org.testng.reporters.JUnitReportReporter -->
<testsuite hostname="DESKTOP-C89KGQR" failures="0" tests="2" name="FrameworkE2E.HomePage" time="189.503" errors="0" timestamp="2021-01-28T15:55:20 IST" skipped="0">
  <testcase classname="FrameworkE2E.HomePage" name="basePageNavigation" time="68.383"/>
  <system-out/>
  <testcase classname="FrameworkE2E.HomePage" name="basePageNavigation" time="121.120"/>
  <system-out/>
</testsuite> <!-- FrameworkE2E.HomePage -->
