<?xml version="1.0" encoding="UTF-8"?>
<!-- Generated by org.testng.reporters.JUnitReportReporter -->
<testsuite hostname="DESKTOP-C89KGQR" failures="0" tests="6" name="FrameworkE2E.PurchaseInsurance_SingleMitKindern" time="344.976" errors="0" timestamp="2021-02-13T16:33:15 IST" skipped="0">
  <testcase classname="FrameworkE2E.PurchaseInsurance_SingleMitKindern" name="Purchase_PrivateIns_SingleMitKindern_NotPublicServant_YesPensionar_YesDeductible" time="57.469"/>
  <system-out/>
  <testcase classname="FrameworkE2E.PurchaseInsurance_SingleMitKindern" name="Purchase_PrivateIns_SingleMitKindern_NotPublicServant_YesPensionar_NoDeductible" time="59.216"/>
  <system-out/>
  <testcase classname="FrameworkE2E.PurchaseInsurance_SingleMitKindern" name="Purchase_PrivateIns_SingleMitKindern_NotPublicServant_NotPensionar_YesDeductible" time="58.471"/>
  <system-out/>
  <testcase classname="FrameworkE2E.PurchaseInsurance_SingleMitKindern" name="Purchase_PrivateIns_SingleMitKindern_NotPublicServant_NotPensionar_NotDeductible" time="117.802"/>
  <system-out/>
  <testcase classname="FrameworkE2E.PurchaseInsurance_SingleMitKindern" name="Purchase_PrivateIns_SingleMitKindern_PublicServant_YesDeductible" time="25.225"/>
  <system-out/>
  <testcase classname="FrameworkE2E.PurchaseInsurance_SingleMitKindern" name="Purchase_PrivateIns_SingleMitKindern_PublicServant_NoDeductible" time="26.793"/>
  <system-out/>
</testsuite> <!-- FrameworkE2E.PurchaseInsurance_SingleMitKindern -->
