<?xml version="1.0" encoding="UTF-8"?>
<!-- Generated by org.testng.reporters.JUnitReportReporter -->
<testsuite hostname="DESKTOP-C89KGQR" failures="0" tests="1" name="FrameworkE2E.PurchaseInsurance" time="24.427" errors="0" timestamp="2021-02-12T17:06:50 IST" skipped="0">
  <testcase classname="FrameworkE2E.PurchaseInsurance" name="SelectAngebote" time="24.427"/>
  <system-out/>
</testsuite> <!-- FrameworkE2E.PurchaseInsurance -->
