<?xml version="1.0" encoding="UTF-8"?>
<!-- Generated by org.testng.reporters.JUnitReportReporter -->
<testsuite hostname="DESKTOP-C89KGQR" failures="0" tests="6" name="FrameworkE2E.PurchaseInsurance_FamilieMitKindern" time="426.452" errors="0" timestamp="2021-02-13T16:33:14 IST" skipped="0">
  <testcase classname="FrameworkE2E.PurchaseInsurance_FamilieMitKindern" name="Purchase_PrivateIns_FamilieMitKindern_NotPublicServant_YesPensionar_YesDeductible" time="57.140"/>
  <system-out/>
  <testcase classname="FrameworkE2E.PurchaseInsurance_FamilieMitKindern" name="Purchase_PrivateIns_FamilieMitKindern_NotPublicServant_NotPensionar_YesDeductible" time="59.838"/>
  <system-out/>
  <testcase classname="FrameworkE2E.PurchaseInsurance_FamilieMitKindern" name="Purchase_PrivateIns_FamilieMitKindern_NotPublicServant_YesPensionar_NoDeductible" time="53.352"/>
  <system-out/>
  <testcase classname="FrameworkE2E.PurchaseInsurance_FamilieMitKindern" name="Purchase_PrivateIns_FamilieMitKindern_NotPublicServant_NotPensionar_NotDeductible" time="59.647"/>
  <system-out/>
  <testcase classname="FrameworkE2E.PurchaseInsurance_FamilieMitKindern" name="Purchase_PrivateIns_FamilieMitKindern_PublicServant_YesDeductible" time="19.933"/>
  <system-out/>
  <testcase classname="FrameworkE2E.PurchaseInsurance_FamilieMitKindern" name="Purchase_PrivateIns_FamilieMitKindern_PublicServant_NoDeductible" time="176.542"/>
  <system-out/>
</testsuite> <!-- FrameworkE2E.PurchaseInsurance_FamilieMitKindern -->
