<?xml version="1.0" encoding="UTF-8"?>
<!-- Generated by org.testng.reporters.JUnitReportReporter -->
<testsuite hostname="DESKTOP-C89KGQR" failures="0" tests="1" name="FrameworkE2E.ValidateNavigationBar" time="2.288" errors="0" timestamp="2021-01-28T13:18:34 IST" skipped="0">
  <testcase classname="FrameworkE2E.ValidateNavigationBar" name="basePageNavigation" time="2.288"/>
  <system-out/>
</testsuite> <!-- FrameworkE2E.ValidateNavigationBar -->
