<?xml version="1.0" encoding="UTF-8"?>
<!-- Generated by org.testng.reporters.JUnitReportReporter -->
<testsuite hostname="DESKTOP-C89KGQR" failures="0" tests="1" name="FrameworkE2E.Testins" time="0.062" errors="0" timestamp="2021-02-11T19:25:51 IST" skipped="0">
  <testcase classname="FrameworkE2E.Testins" name="SelectAngebote" time="0.062"/>
  <system-out/>
</testsuite> <!-- FrameworkE2E.Testins -->
