<?xml version="1.0" encoding="UTF-8"?>
<!-- Generated by org.testng.reporters.JUnitReportReporter -->
<testsuite hostname="DESKTOP-C89KGQR" failures="0" tests="1" name="FrameworkE2E.PurchaseInsurance" time="38.945" errors="0" timestamp="2021-02-11T21:47:07 IST" skipped="0">
  <testcase classname="FrameworkE2E.PurchaseInsurance" name="SelectAngebote" time="38.945"/>
  <system-out/>
</testsuite> <!-- FrameworkE2E.PurchaseInsurance -->
