<?xml version="1.0" encoding="UTF-8"?>
<!-- Generated by org.testng.reporters.JUnitReportReporter -->
<testsuite hostname="DESKTOP-C89KGQR" failures="0" tests="6" name="FrameworkE2E.PurchaseInsurance" time="285.243" errors="0" timestamp="2021-02-13T14:58:08 IST" skipped="0">
  <testcase classname="FrameworkE2E.PurchaseInsurance" name="Purchase_PrivateIns_Single_NotPublicServant_NotPensionar_YesDeductible" time="59.895"/>
  <system-out/>
  <testcase classname="FrameworkE2E.PurchaseInsurance" name="Purchase_PrivateIns_Single_NotPublicServant_YesPensionar_YesDeductible" time="56.094"/>
  <system-out/>
  <testcase classname="FrameworkE2E.PurchaseInsurance" name="Purchase_PrivateIns_Single_NotPublicServant_YesPensionar_NoDeductible" time="60.871"/>
  <system-out/>
  <testcase classname="FrameworkE2E.PurchaseInsurance" name="Purchase_PrivateIns_Single_NotPublicServant_NotPensionar_NotDeductible" time="58.641"/>
  <system-out/>
  <testcase classname="FrameworkE2E.PurchaseInsurance" name="Purchase_PrivateIns_Single_PublicServant_YesDeductible" time="23.436"/>
  <system-out/>
  <testcase classname="FrameworkE2E.PurchaseInsurance" name="Purchase_PrivateIns_Single_PublicServant_NoDeductible" time="26.306"/>
  <system-out/>
</testsuite> <!-- FrameworkE2E.PurchaseInsurance -->
