<?xml version="1.0" encoding="UTF-8"?>
<!-- Generated by org.testng.reporters.JUnitReportReporter -->
<testsuite hostname="DESKTOP-C89KGQR" failures="0" tests="1" name="InterviewPrep.MavenJava.AppiumTest" time="0.005" errors="0" timestamp="2021-01-03T18:25:36 IST" skipped="0">
  <testcase classname="InterviewPrep.MavenJava.AppiumTest" name="browserlogin" time="0.005"/>
  <system-out/>
</testsuite> <!-- InterviewPrep.MavenJava.AppiumTest -->
