<?xml version="1.0" encoding="UTF-8"?>
<!-- Generated by org.testng.reporters.JUnitReportReporter -->
<testsuite hostname="DESKTOP-C89KGQR" failures="0" tests="6" name="FrameworkE2E.PurchaseInsurance_PahrOhneKids" time="247.178" errors="0" timestamp="2021-02-13T19:40:49 IST" skipped="0">
  <testcase classname="FrameworkE2E.PurchaseInsurance_PahrOhneKids" name="Purchase_PrivateIns_PahrOhneKids_NotPublicServant_NotPensionar_NotDeductible" time="51.496"/>
  <system-out/>
  <testcase classname="FrameworkE2E.PurchaseInsurance_PahrOhneKids" name="Purchase_PrivateIns_PahrOhneKids_NotPublicServant_NotPensionar_YesDeductible" time="51.273"/>
  <system-out/>
  <testcase classname="FrameworkE2E.PurchaseInsurance_PahrOhneKids" name="Purchase_PrivateIns_PahrOhneKids_NotPublicServant_YesPensionar_YesDeductible" time="51.301"/>
  <system-out/>
  <testcase classname="FrameworkE2E.PurchaseInsurance_PahrOhneKids" name="Purchase_PrivateIns_PahrOhneKids_NotPublicServant_YesPensionar_NoDeductible" time="51.545"/>
  <system-out/>
  <testcase classname="FrameworkE2E.PurchaseInsurance_PahrOhneKids" name="Purchase_PrivateIns_PahrOhneKids_PublicServant_YesDeductible" time="20.464"/>
  <system-out/>
  <testcase classname="FrameworkE2E.PurchaseInsurance_PahrOhneKids" name="Purchase_PrivateIns_PahrOhneKids_PublicServant_NoDeductible" time="21.099"/>
  <system-out/>
</testsuite> <!-- FrameworkE2E.PurchaseInsurance_PahrOhneKids -->
