<?xml version="1.0" encoding="UTF-8"?>
<!-- Generated by org.testng.reporters.JUnitReportReporter -->
<testsuite hostname="DESKTOP-C89KGQR" failures="0" tests="1" name="FrameworkE2E.ValidateNavigationBar" time="0.741" errors="0" timestamp="2021-01-28T17:47:40 IST" skipped="0">
  <testcase classname="FrameworkE2E.ValidateNavigationBar" name="basePageNavigation" time="0.741"/>
  <system-out/>
</testsuite> <!-- FrameworkE2E.ValidateNavigationBar -->
