<?xml version="1.0" encoding="UTF-8"?>
<!-- Generated by org.testng.reporters.JUnitReportReporter -->
<testsuite hostname="DESKTOP-C89KGQR" failures="0" tests="6" name="FrameworkE2E.PurchaseInsurance_FamilieMitKindern" time="395.262" errors="0" timestamp="2021-02-13T19:40:49 IST" skipped="0">
  <testcase classname="FrameworkE2E.PurchaseInsurance_FamilieMitKindern" name="Purchase_PrivateIns_FamilieMitKindern_NotPublicServant_NotPensionar_NotDeductible" time="52.115"/>
  <system-out/>
  <testcase classname="FrameworkE2E.PurchaseInsurance_FamilieMitKindern" name="Purchase_PrivateIns_FamilieMitKindern_NotPublicServant_YesPensionar_YesDeductible" time="55.361"/>
  <system-out/>
  <testcase classname="FrameworkE2E.PurchaseInsurance_FamilieMitKindern" name="Purchase_PrivateIns_FamilieMitKindern_NotPublicServant_NotPensionar_YesDeductible" time="51.258"/>
  <system-out/>
  <testcase classname="FrameworkE2E.PurchaseInsurance_FamilieMitKindern" name="Purchase_PrivateIns_FamilieMitKindern_NotPublicServant_YesPensionar_NoDeductible" time="190.783"/>
  <system-out/>
  <testcase classname="FrameworkE2E.PurchaseInsurance_FamilieMitKindern" name="Purchase_PrivateIns_FamilieMitKindern_PublicServant_YesDeductible" time="22.815"/>
  <system-out/>
  <testcase classname="FrameworkE2E.PurchaseInsurance_FamilieMitKindern" name="Purchase_PrivateIns_FamilieMitKindern_PublicServant_NoDeductible" time="22.930"/>
  <system-out/>
</testsuite> <!-- FrameworkE2E.PurchaseInsurance_FamilieMitKindern -->
