<?xml version="1.0" encoding="UTF-8"?>
<!-- Generated by org.testng.reporters.JUnitReportReporter -->
<testsuite hostname="DESKTOP-C89KGQR" failures="0" tests="6" name="FrameworkE2E.PurchaseInsurance_Single" time="421.204" errors="0" timestamp="2021-02-13T19:40:49 IST" skipped="0">
  <testcase classname="FrameworkE2E.PurchaseInsurance_Single" name="Purchase_PrivateIns_Single_NotPublicServant_NotPensionar_YesDeductible" time="76.140"/>
  <system-out/>
  <testcase classname="FrameworkE2E.PurchaseInsurance_Single" name="Purchase_PrivateIns_Single_NotPublicServant_YesPensionar_NoDeductible" time="65.754"/>
  <system-out/>
  <testcase classname="FrameworkE2E.PurchaseInsurance_Single" name="Purchase_PrivateIns_Single_NotPublicServant_NotPensionar_NotDeductible" time="72.947"/>
  <system-out/>
  <testcase classname="FrameworkE2E.PurchaseInsurance_Single" name="Purchase_PrivateIns_Single_NotPublicServant_YesPensionar_YesDeductible" time="68.118"/>
  <system-out/>
  <testcase classname="FrameworkE2E.PurchaseInsurance_Single" name="Purchase_PrivateIns_Single_PublicServant_YesDeductible" time="116.347"/>
  <system-out/>
  <testcase classname="FrameworkE2E.PurchaseInsurance_Single" name="Purchase_PrivateIns_Single_PublicServant_NoDeductible" time="21.898"/>
  <system-out/>
</testsuite> <!-- FrameworkE2E.PurchaseInsurance_Single -->
