<?xml version="1.0" encoding="UTF-8"?>
<!-- Generated by org.testng.reporters.JUnitReportReporter -->
<testsuite hostname="DESKTOP-C89KGQR" failures="0" tests="1" name="InterviewPrep.MavenJava.RestApiTest" time="0.001" errors="0" timestamp="2021-01-03T18:25:36 IST" skipped="0">
  <testcase classname="InterviewPrep.MavenJava.RestApiTest" name="findfileRestAPI" time="0.001"/>
  <system-out/>
</testsuite> <!-- InterviewPrep.MavenJava.RestApiTest -->
