<?xml version="1.0" encoding="UTF-8"?>
<!-- Generated by org.testng.reporters.JUnitReportReporter -->
<testsuite hostname="DESKTOP-C89KGQR" failures="0" tests="2" name="FrameworkE2E.HomePage" time="116.074" errors="0" timestamp="2021-01-28T17:47:39 IST" skipped="0">
  <testcase classname="FrameworkE2E.HomePage" name="basePageNavigation" time="51.862"/>
  <system-out/>
  <testcase classname="FrameworkE2E.HomePage" name="basePageNavigation" time="64.212"/>
  <system-out/>
</testsuite> <!-- FrameworkE2E.HomePage -->
