<?xml version="1.0" encoding="UTF-8"?>
<!-- Generated by org.testng.reporters.JUnitReportReporter -->
<testsuite hostname="DESKTOP-C89KGQR" failures="0" tests="6" name="FrameworkE2E.PurchaseInsurance_SingleMitKindern" time="243.072" errors="0" timestamp="2021-02-13T19:40:49 IST" skipped="0">
  <testcase classname="FrameworkE2E.PurchaseInsurance_SingleMitKindern" name="Purchase_PrivateIns_SingleMitKindern_NotPublicServant_YesPensionar_YesDeductible" time="52.287"/>
  <system-out/>
  <testcase classname="FrameworkE2E.PurchaseInsurance_SingleMitKindern" name="Purchase_PrivateIns_SingleMitKindern_NotPublicServant_NotPensionar_NotDeductible" time="50.479"/>
  <system-out/>
  <testcase classname="FrameworkE2E.PurchaseInsurance_SingleMitKindern" name="Purchase_PrivateIns_SingleMitKindern_NotPublicServant_NotPensionar_YesDeductible" time="51.117"/>
  <system-out/>
  <testcase classname="FrameworkE2E.PurchaseInsurance_SingleMitKindern" name="Purchase_PrivateIns_SingleMitKindern_NotPublicServant_YesPensionar_NoDeductible" time="52.623"/>
  <system-out/>
  <testcase classname="FrameworkE2E.PurchaseInsurance_SingleMitKindern" name="Purchase_PrivateIns_SingleMitKindern_PublicServant_YesDeductible" time="18.634"/>
  <system-out/>
  <testcase classname="FrameworkE2E.PurchaseInsurance_SingleMitKindern" name="Purchase_PrivateIns_SingleMitKindern_PublicServant_NoDeductible" time="17.932"/>
  <system-out/>
</testsuite> <!-- FrameworkE2E.PurchaseInsurance_SingleMitKindern -->
